build/outputs/logs/manifest-merger-debug-report.txt
-- Merging decision tree log ---
manifest
ADDED from src\main\AndroidManifest.xml:2:1-47:12
	package
		ADDED from src\main\AndroidManifest.xml:2:70-100
		INJECTED from src\main\AndroidManifest.xml
		INJECTED from src\main\AndroidManifest.xml
	android:versionName
		ADDED from src\main\AndroidManifest.xml:2:149-174
		INJECTED from src\main\AndroidManifest.xml
		INJECTED from src\main\AndroidManifest.xml
	android:versionCode
		ADDED from src\main\AndroidManifest.xml:2:175-198
		INJECTED from src\main\AndroidManifest.xml
		INJECTED from src\main\AndroidManifest.xml
	xmlns:android
		ADDED from src\main\AndroidManifest.xml:2:11-69
	android:installLocation
		ADDED from src\main\AndroidManifest.xml:2:199-239
	android:theme
		ADDED from src\main\AndroidManifest.xml:2:101-148
uses-sdk
ADDED from src\main\AndroidManifest.xml:3:3-72
	android:targetSdkVersion
		ADDED from src\main\AndroidManifest.xml:3:40-69
		INJECTED from src\main\AndroidManifest.xml
		INJECTED from src\main\AndroidManifest.xml
	android:minSdkVersion
		ADDED from src\main\AndroidManifest.xml:3:13-39
uses-feature#android.hardware.camera
ADDED from src\main\AndroidManifest.xml:4:3-58
	android:name
		ADDED from src\main\AndroidManifest.xml:4:17-55
supports-screens
ADDED from src\main\AndroidManifest.xml:5:3-163
	android:largeScreens
		ADDED from src\main\AndroidManifest.xml:5:78-105
	android:smallScreens
		ADDED from src\main\AndroidManifest.xml:5:21-48
	android:normalScreens
		ADDED from src\main\AndroidManifest.xml:5:49-77
	android:xlargeScreens
		ADDED from src\main\AndroidManifest.xml:5:106-134
	android:anyDensity
		ADDED from src\main\AndroidManifest.xml:5:135-160
uses-permission#android.permission.INTERNET
ADDED from src\main\AndroidManifest.xml:6:3-65
	android:name
		ADDED from src\main\AndroidManifest.xml:6:20-62
uses-permission#android.permission.CAMERA
ADDED from src\main\AndroidManifest.xml:7:3-63
	android:name
		ADDED from src\main\AndroidManifest.xml:7:20-60
uses-permission#android.permission.ACCESS_NETWORK_STATE
ADDED from src\main\AndroidManifest.xml:8:3-77
	android:name
		ADDED from src\main\AndroidManifest.xml:8:20-74
uses-permission#android.permission.WRITE_EXTERNAL_STORAGE
ADDED from src\main\AndroidManifest.xml:9:3-79
	android:name
		ADDED from src\main\AndroidManifest.xml:9:20-76
application
ADDED from src\main\AndroidManifest.xml:10:3-40:17
	android:label
		ADDED from src\main\AndroidManifest.xml:10:50-82
	android:icon
		ADDED from src\main\AndroidManifest.xml:10:16-49
	android:banner
		ADDED from src\main\AndroidManifest.xml:10:164-201
	android:theme
		ADDED from src\main\AndroidManifest.xml:10:83-141
	android:isGame
		ADDED from src\main\AndroidManifest.xml:10:142-163
activity#com.Yasemin.silindir.main_activity
ADDED from src\main\AndroidManifest.xml:12:5-18:14
	android:name
		ADDED from src\main\AndroidManifest.xml:12:15-44
intent-filter#android.intent.action.MAIN+android.intent.category.LAUNCHER
ADDED from src\main\AndroidManifest.xml:13:5-16:21
action#android.intent.action.MAIN
ADDED from src\main\AndroidManifest.xml:14:7-59
	android:name
		ADDED from src\main\AndroidManifest.xml:14:15-56
category#android.intent.category.LAUNCHER
ADDED from src\main\AndroidManifest.xml:15:7-67
	android:name
		ADDED from src\main\AndroidManifest.xml:15:17-64
activity#com.Yasemin.silindir.UnityPlayerNativeActivity
ADDED from src\main\AndroidManifest.xml:20:5-24:16
	android:screenOrientation
		ADDED from src\main\AndroidManifest.xml:20:48-86
	android:label
		ADDED from src\main\AndroidManifest.xml:20:15-47
	android:launchMode
		ADDED from src\main\AndroidManifest.xml:20:87-118
	android:configChanges
		ADDED from src\main\AndroidManifest.xml:20:119-292
	android:name
		ADDED from src\main\AndroidManifest.xml:20:293-354
meta-data#unityplayer.UnityActivity
ADDED from src\main\AndroidManifest.xml:22:7-82
	android:value
		ADDED from src\main\AndroidManifest.xml:22:59-79
	android:name
		ADDED from src\main\AndroidManifest.xml:22:18-58
meta-data#unityplayer.ForwardNativeEventsToDalvik
ADDED from src\main\AndroidManifest.xml:23:7-97
	android:value
		ADDED from src\main\AndroidManifest.xml:23:73-94
	android:name
		ADDED from src\main\AndroidManifest.xml:23:18-72
activity#com.unity3d.player.VideoPlayer
ADDED from src\main\AndroidManifest.xml:25:5-26:16
	android:screenOrientation
		ADDED from src\main\AndroidManifest.xml:25:94-130
	android:label
		ADDED from src\main\AndroidManifest.xml:25:61-93
	android:configChanges
		ADDED from src\main\AndroidManifest.xml:25:131-288
	android:name
		ADDED from src\main\AndroidManifest.xml:25:15-60
uses-library#com.ti.s3d
ADDED from src\main\AndroidManifest.xml:32:5-72
	android:required
		ADDED from src\main\AndroidManifest.xml:32:45-69
	android:name
		ADDED from src\main\AndroidManifest.xml:32:19-44
uses-library#com.osterhoutgroup.api.ext
ADDED from src\main\AndroidManifest.xml:36:5-88
	android:required
		ADDED from src\main\AndroidManifest.xml:36:61-85
	android:name
		ADDED from src\main\AndroidManifest.xml:36:19-60
meta-data#unity.build-id
ADDED from src\main\AndroidManifest.xml:37:5-101
	android:value
		ADDED from src\main\AndroidManifest.xml:37:46-98
	android:name
		ADDED from src\main\AndroidManifest.xml:37:16-45
meta-data#unity.splash-mode
ADDED from src\main\AndroidManifest.xml:38:5-69
	android:value
		ADDED from src\main\AndroidManifest.xml:38:49-66
	android:name
		ADDED from src\main\AndroidManifest.xml:38:16-48
meta-data#unity.splash-enable
ADDED from src\main\AndroidManifest.xml:39:5-74
	android:value
		ADDED from src\main\AndroidManifest.xml:39:51-71
	android:name
		ADDED from src\main\AndroidManifest.xml:39:16-50
uses-feature#0x00020000
ADDED from src\main\AndroidManifest.xml:41:3-52
	android:glEsVersion
		ADDED from src\main\AndroidManifest.xml:41:17-49
uses-feature#android.hardware.camera.autofocus
ADDED from src\main\AndroidManifest.xml:42:3-93
	android:required
		ADDED from src\main\AndroidManifest.xml:42:66-90
	android:name
		ADDED from src\main\AndroidManifest.xml:42:17-65
uses-feature#android.hardware.camera.front
ADDED from src\main\AndroidManifest.xml:43:3-89
	android:required
		ADDED from src\main\AndroidManifest.xml:43:62-86
	android:name
		ADDED from src\main\AndroidManifest.xml:43:17-61
uses-feature#android.hardware.touchscreen
ADDED from src\main\AndroidManifest.xml:44:3-88
	android:required
		ADDED from src\main\AndroidManifest.xml:44:61-85
	android:name
		ADDED from src\main\AndroidManifest.xml:44:17-60
uses-feature#android.hardware.touchscreen.multitouch
ADDED from src\main\AndroidManifest.xml:45:3-99
	android:required
		ADDED from src\main\AndroidManifest.xml:45:72-96
	android:name
		ADDED from src\main\AndroidManifest.xml:45:17-71
uses-feature#android.hardware.touchscreen.multitouch.distinct
ADDED from src\main\AndroidManifest.xml:46:3-108
	android:required
		ADDED from src\main\AndroidManifest.xml:46:81-105
	android:name
		ADDED from src\main\AndroidManifest.xml:46:17-80